<?xml version="1.0" encoding="UTF-8"?>
<!-- Generated by org.testng.reporters.JUnitXMLReporter -->
<testsuite ignored="45" hostname="LAPTOP-O16FB7C4" failures="0" tests="0" time="0.024" errors="0" timestamp="2024-04-30T15:40:35 IST">
  <testcase classname="testScripts.integrationTest" name="iT_21" time="0.0">
    <ignored/>
  </testcase> <!-- iT_21 -->
  <testcase classname="testScripts.DependsOnMethodsTest" name="payment" time="0.0">
    <ignored/>
  </testcase> <!-- payment -->
  <testcase classname="testScripts.PriorityTest" name="addToCart" time="0.0">
    <ignored/>
  </testcase> <!-- addToCart -->
  <testcase classname="testScripts.functionTest" name="fT_07" time="0.0">
    <ignored/>
  </testcase> <!-- fT_07 -->
  <testcase classname="testScripts.DependsOnMethodsTest" name="register" time="0.0">
    <ignored/>
  </testcase> <!-- register -->
  <testcase classname="testScripts.BookTest" name="books_001" time="0.0">
    <ignored/>
  </testcase> <!-- books_001 -->
  <testcase classname="testScripts.threadPoolSizeTest" name="register" time="0.0">
    <ignored/>
  </testcase> <!-- register -->
  <testcase classname="testScripts.functionTest" name="fT_03" time="0.0">
    <ignored/>
  </testcase> <!-- fT_03 -->
  <testcase classname="testScripts.DependsOnMethodsTest" name="confirmPayment" time="0.0">
    <ignored/>
  </testcase> <!-- confirmPayment -->
  <testcase classname="testScripts.functionTest" name="fT_15" time="0.0">
    <ignored/>
  </testcase> <!-- fT_15 -->
  <testcase classname="testScripts.functionTest" name="fT_09" time="0.0">
    <ignored/>
  </testcase> <!-- fT_09 -->
  <testcase classname="testScripts.functionTest" name="fT_11" time="0.0">
    <ignored/>
  </testcase> <!-- fT_11 -->
  <testcase classname="testScripts.DependsOnMethodsTest" name="login" time="0.0">
    <ignored/>
  </testcase> <!-- login -->
  <testcase classname="testScripts.functionTest" name="fT_05" time="0.0">
    <ignored/>
  </testcase> <!-- fT_05 -->
  <testcase classname="testScripts.functionTest" name="fT_12" time="0.0">
    <ignored/>
  </testcase> <!-- fT_12 -->
  <testcase classname="testScripts.functionTest" name="fT_02" time="0.0">
    <ignored/>
  </testcase> <!-- fT_02 -->
  <testcase classname="testScripts.integrationTest" name="iT_19" time="0.0">
    <ignored/>
  </testcase> <!-- iT_19 -->
  <testcase classname="testScripts.integrationTest" name="iT_17" time="0.0">
    <ignored/>
  </testcase> <!-- iT_17 -->
  <testcase classname="testScripts.PriorityTest" name="register" time="0.0">
    <ignored/>
  </testcase> <!-- register -->
  <testcase classname="testScripts.DependsOnMethodsTest" name="addToCart" time="0.0">
    <ignored/>
  </testcase> <!-- addToCart -->
  <testcase classname="testScripts.systemTest" name="sT_30" time="0.0">
    <ignored/>
  </testcase> <!-- sT_30 -->
  <testcase classname="testScripts.integrationTest" name="iT_27" time="0.0">
    <ignored/>
  </testcase> <!-- iT_27 -->
  <testcase classname="testScripts.PriorityTest" name="payment" time="0.0">
    <ignored/>
  </testcase> <!-- payment -->
  <testcase classname="testScripts.integrationTest" name="iT_25" time="0.0">
    <ignored/>
  </testcase> <!-- iT_25 -->
  <testcase classname="testScripts.integrationTest" name="iT_23" time="0.0">
    <ignored/>
  </testcase> <!-- iT_23 -->
  <testcase classname="testScripts.PriorityTest" name="confirmPayment" time="0.0">
    <ignored/>
  </testcase> <!-- confirmPayment -->
  <testcase classname="testScripts.functionTest" name="fT_08" time="0.0">
    <ignored/>
  </testcase> <!-- fT_08 -->
  <testcase classname="testScripts.RegisterTest" name="register_001" time="0.0">
    <ignored/>
  </testcase> <!-- register_001 -->
  <testcase classname="testScripts.functionTest" name="fT_14" time="0.0">
    <ignored/>
  </testcase> <!-- fT_14 -->
  <testcase classname="testScripts.invocationCountTest" name="register" time="0.0">
    <ignored/>
  </testcase> <!-- register -->
  <testcase classname="testScripts.functionTest" name="fT_04" time="0.0">
    <ignored/>
  </testcase> <!-- fT_04 -->
  <testcase classname="testScripts.functionTest" name="fT_10" time="0.0">
    <ignored/>
  </testcase> <!-- fT_10 -->
  <testcase classname="testScripts.PriorityTest" name="login" time="0.0">
    <ignored/>
  </testcase> <!-- login -->
  <testcase classname="testScripts.functionTest" name="fT_16" time="0.0">
    <ignored/>
  </testcase> <!-- fT_16 -->
  <testcase classname="testScripts.functionTest" name="fT_06" time="0.0">
    <ignored/>
  </testcase> <!-- fT_06 -->
  <testcase classname="testScripts.systemTest" name="sT_29" time="0.0">
    <ignored/>
  </testcase> <!-- sT_29 -->
  <testcase classname="testScripts.functionTest" name="fT_01" time="0.0">
    <ignored/>
  </testcase> <!-- fT_01 -->
  <testcase classname="testScripts.functionTest" name="fT_13" time="0.0">
    <ignored/>
  </testcase> <!-- fT_13 -->
  <testcase classname="testScripts.integrationTest" name="iT_28" time="0.0">
    <ignored/>
  </testcase> <!-- iT_28 -->
  <testcase classname="testScripts.integrationTest" name="iT_26" time="0.0">
    <ignored/>
  </testcase> <!-- iT_26 -->
  <testcase classname="testScripts.integrationTest" name="iT_18" time="0.0">
    <ignored/>
  </testcase> <!-- iT_18 -->
  <testcase classname="testScripts.integrationTest" name="iT_24" time="0.0">
    <ignored/>
  </testcase> <!-- iT_24 -->
  <testcase classname="testScripts.RegisterTest" name="register_002" time="0.0">
    <ignored/>
  </testcase> <!-- register_002 -->
  <testcase classname="testScripts.integrationTest" name="iT_22" time="0.0">
    <ignored/>
  </testcase> <!-- iT_22 -->
  <testcase classname="testScripts.integrationTest" name="iT_20" time="0.0">
    <ignored/>
  </testcase> <!-- iT_20 -->
</testsuite>
